========================= Begin =========================
2024-09-13 14:01:12 ReadSysinfo
========================= Basic =========================
CPUCount：20
系统信息：Windows 10 SP0(Ver 10.0.22621.3733, x64)
NT版本：10.0.22621.3733
系统语言：中文简体
运行环境：PE环境
程序版本：4.8.80.0 Bit:x64
程序路径：X:\Windows\system32\|X:\Windows\system32\SgiAi.exe
========================== Run ==========================
2024-09-13 14:01:12 TempPath:X:\Windows\TEMP\~SUaMiJyyN\
2024-09-13 14:01:12 [InitInfo] PE_Mode:Auto
2024-09-13 14:01:12 [InitInfo] System Drive_SGI:C
2024-09-13 14:01:12 [InitInfo] System Drive_OS:C:
2024-09-13 14:01:12 [InitInfo] Boot Drive:E:
2024-09-13 14:01:12 [InitInfo] Boot Type:uefi
2024-09-13 14:01:12 [InitInfo] RunType:2
2024-09-13 14:01:12 [InitInfo] ImageFile:D:\迅雷下载\zh-cn_windows_11_business_editions_version_23h2_updated_aug_2024_x64_dvd_6ca91c94.iso
2024-09-13 14:01:12 [InitInfo] ImageType:3
2024-09-13 14:01:12 [InitInfo] ImageIndex:5
2024-09-13 14:01:12 [InitInfo] Iso_imgpath:\sources\install.wim
2024-09-13 14:01:12 [InitInfo] Manualtoolpath:
2024-09-13 14:01:12 [InitInfo] Cdkey:
2024-09-13 14:01:12 [InitInfo] BakosType:
2024-09-13 14:01:12 [InitInfo] WimLevels:
2024-09-13 14:01:12 [InitInfo] EsdLevels:
2024-09-13 14:01:12 [InitInfo] BakCdata:False
2024-09-13 14:01:12 [InitInfo] BakIEdata:False
2024-09-13 14:01:12 [InitInfo] BakDisktopdata:False
2024-09-13 14:01:12 [InitInfo] NoloadAd:False
2024-09-13 14:01:12 [InitInfo] Drvceo:False
2024-09-13 14:01:12 [InitInfo] LoadUnion:False
2024-09-13 14:01:12 [InitInfo] Drivetype:GPT
2024-09-13 14:01:12 [InitInfo] Boottype:UEFI Boot
2024-09-13 14:01:12 [InitInfo] SGIPath:
2024-09-13 14:01:12 [RecoveryBoot_PE] Begin
2024-09-13 14:01:12 [RecoveryBoot_PE] Uefi|C:\Sgire\\BCD.bak|C:\Sgire\\EFI\Microsoft\Boot\BCD
2024-09-13 14:01:13 [RecoveryBoot_PE] Pefile[DataDriver] not Exists|D:\迅雷下载\
2024-09-13 14:01:13 [RecoveryBoot_PE] Pefile[OSDriver]:C:\Sgire\boot.wim
2024-09-13 14:01:13 [RecoveryBoot_PE] Copy Pefile[OSDriver]:C:\Sgire\boot.wim To Pefile[DataDriver]:D:\迅雷下载\boot.wim
2024-09-13 14:01:15 [RecoveryBoot_PE] Copy PE Success
2024-09-13 14:01:15 [RecoveryBoot_PE] End
2024-09-13 14:01:15 [InitInfo] Peindatadriver:True
2024-09-13 14:01:15 [LoadRun] Restore system
2024-09-13 14:01:15 [LoadRun] Image is ISO | D:\迅雷下载\zh-cn_windows_11_business_editions_version_23h2_updated_aug_2024_x64_dvd_6ca91c94.iso
2024-09-13 14:01:15 [LoadRun] Load ISO D:\迅雷下载\zh-cn_windows_11_business_editions_version_23h2_updated_aug_2024_x64_dvd_6ca91c94.iso
2024-09-13 14:01:15 [Load ISO.OSFMount] True | Z: | D:\迅雷下载\zh-cn_windows_11_business_editions_version_23h2_updated_aug_2024_x64_dvd_6ca91c94.iso
2024-09-13 14:01:21 [Load ISO.Return] Path:Z:\\sources\install.wim
2024-09-13 14:01:21 [LoadRun] Restore system
2024-09-13 14:01:21 [LoadRun] Image is Wim | Z:\\sources\install.wim
2024-09-13 14:01:21 [Work.Readimage] Begin ------
2024-09-13 14:01:21 [Work.Readimage] File:Z:\\sources\install.wim
2024-09-13 14:01:21 [Wim_DLLFile] X:\Windows\TEMP\~SUaMiJyyN\sysceosgi.dll
2024-09-13 14:01:21 [ReadWim/ESD] File is WIM
2024-09-13 14:01:21 [Work.Readimage] Type:Wim
2024-09-13 14:01:21 [Esd_CachePath] X:\Windows\TEMP
2024-09-13 14:01:21 [Work.Readimage] End ------
2024-09-13 14:01:21 [Work] Formatting is in progress
2024-09-13 14:01:22 [Work.Restore.wim/esd] Begin ------
2024-09-13 14:01:22 [Work.Restore.wim/esd] OS Drive:C:\
2024-09-13 14:01:22 [Work.Restore.wim/esd] Start Thread
2024-09-13 14:01:22 [Work.Restore.wim/esd] Cmdline|38260624,5,C:\,X:\Windows\TEMP
2024-09-13 14:02:14 [Work] Thread complete
2024-09-13 14:02:14 [Work] RepairBoot Begin------
2024-09-13 14:02:14 [Work] BootLetter:E:|Ospath:C:\Windows
2024-09-13 14:02:14 [Work.RepairBoot] BootType:UEFI
2024-09-13 14:02:15 [Work.RepairBoot] Menu:Windows 10 Enterprise
2024-09-13 14:02:15 [Work.RepairBoot] NT6
2024-09-13 14:02:15 [Work.RepairBoot] NT6.Return|Boot files successfully created.
2024-09-13 14:02:15 [Work.RepairBoot] Bcd does not exist | Reduction BCD
2024-09-13 14:02:16 [Work] RepairBoot [E:] Success
2024-09-13 14:02:16 [InstallPE] Install PE Begin------
2024-09-13 14:02:16 [InstallPE] CmdLine > Pefile:D:\迅雷下载\boot.wim|os:C:|boot:E:|menuname:电脑公司PE系统
2024-09-13 14:02:16 [InstallPE] Copy Pefile[DataDriver]:D:\迅雷下载\boot.wim To Pefile[OSDriver]:C:\boot\boot.wim
2024-09-13 14:02:16 [InstallPE] Copy PE Success
2024-09-13 14:02:16 [InstallPE] Targetdrive[Final]:C:
2024-09-13 14:02:16 [InstallPE] Write Boot [UEFI]
2024-09-13 14:02:16 [InstallPE] E:
2024-09-13 14:02:16 [Online.Image.PE.Wb.GPT] Extract files End
2024-09-13 14:02:17 [InstallPE] Install PE End------
2024-09-13 14:02:17 [Work] Unattended Begin
2024-09-13 14:02:17 [Work] Unattended Create
2024-09-13 14:02:17 [Work] Unattended End
2024-09-13 14:02:17 [Work] Load Fun
2024-09-13 14:02:17 [Work] SRS File Not Exists!!!
2024-09-13 14:02:17 [SoftData] Not Exists | 
2024-09-13 14:02:17 [SoftData] Not Exists | 
2024-09-13 14:02:17 [Work] BrowserCon
2024-09-13 14:02:17 [Work] Drvceo does not exist
2024-09-13 14:02:17 [Work] BootCamp does not exist
2024-09-13 14:02:17 [Work] Un False
2024-09-13 14:02:17 [Work]  NT5 API Nil
2024-09-13 14:02:17 [Work] Run Success
